<?xml version="1.0" encoding="UTF-8"?>
<testsuite xmlns:xsi="http://www.w3.org/2001/XMLSchema-instance" xsi:noNamespaceSchemaLocation="https://maven.apache.org/surefire/maven-surefire-plugin/xsd/surefire-test-report.xsd" name="com.mycompany.app.AppTest" time="0.008" tests="1" errors="0" skipped="0" failures="0">
  <properties>
    <property name="sun.desktop" value="windows"/>
    <property name="awt.toolkit" value="sun.awt.windows.WToolkit"/>
    <property name="file.encoding.pkg" value="sun.io"/>
    <property name="java.specification.version" value="1.8"/>
    <property name="sun.cpu.isalist" value="amd64"/>
    <property name="sun.jnu.encoding" value="Cp1252"/>
    <property name="java.class.path" value="C:\Users\zouhair\my-app\target\test-classes;C:\Users\zouhair\my-app\target\classes;C:\Users\zouhair\.m2\repository\junit\junit\4.11\junit-4.11.jar;C:\Users\zouhair\.m2\repository\org\hamcrest\hamcrest-core\1.3\hamcrest-core-1.3.jar;"/>
    <property name="java.vm.vendor" value="Oracle Corporation"/>
    <property name="sun.arch.data.model" value="64"/>
    <property name="user.variant" value=""/>
    <property name="java.vendor.url" value="http://java.oracle.com/"/>
    <property name="user.timezone" value="Africa/Casablanca"/>
    <property name="java.vm.specification.version" value="1.8"/>
    <property name="os.name" value="Windows 10"/>
    <property name="user.country" value="US"/>
    <property name="sun.java.launcher" value="SUN_STANDARD"/>
    <property name="sun.boot.library.path" value="C:\Users\zouhair\Desktop\repertoire\Java\jdk1.8.0_241\jre\bin"/>
    <property name="sun.java.command" value="C:\Users\zouhair\AppData\Local\Temp\surefire5749533763374269282\surefirebooter6936162132802931546.jar C:\Users\zouhair\AppData\Local\Temp\surefire5749533763374269282 2020-03-12T14-38-22_971-jvmRun1 surefire190689595625044349tmp surefire_02123939023397949258tmp"/>
    <property name="surefire.test.class.path" value="C:\Users\zouhair\my-app\target\test-classes;C:\Users\zouhair\my-app\target\classes;C:\Users\zouhair\.m2\repository\junit\junit\4.11\junit-4.11.jar;C:\Users\zouhair\.m2\repository\org\hamcrest\hamcrest-core\1.3\hamcrest-core-1.3.jar;"/>
    <property name="sun.cpu.endian" value="little"/>
    <property name="user.home" value="C:\Users\zouhair"/>
    <property name="user.language" value="en"/>
    <property name="java.specification.vendor" value="Oracle Corporation"/>
    <property name="java.home" value="C:\Users\zouhair\Desktop\repertoire\Java\jdk1.8.0_241\jre"/>
    <property name="basedir" value="C:\Users\zouhair\my-app"/>
    <property name="file.separator" value="\"/>
    <property name="line.separator" value="&#10;"/>
    <property name="java.vm.specification.vendor" value="Oracle Corporation"/>
    <property name="java.specification.name" value="Java Platform API Specification"/>
    <property name="java.awt.graphicsenv" value="sun.awt.Win32GraphicsEnvironment"/>
    <property name="surefire.real.class.path" value="C:\Users\zouhair\AppData\Local\Temp\surefire5749533763374269282\surefirebooter6936162132802931546.jar"/>
    <property name="sun.boot.class.path" value="C:\Users\zouhair\Desktop\repertoire\Java\jdk1.8.0_241\jre\lib\resources.jar;C:\Users\zouhair\Desktop\repertoire\Java\jdk1.8.0_241\jre\lib\rt.jar;C:\Users\zouhair\Desktop\repertoire\Java\jdk1.8.0_241\jre\lib\sunrsasign.jar;C:\Users\zouhair\Desktop\repertoire\Java\jdk1.8.0_241\jre\lib\jsse.jar;C:\Users\zouhair\Desktop\repertoire\Java\jdk1.8.0_241\jre\lib\jce.jar;C:\Users\zouhair\Desktop\repertoire\Java\jdk1.8.0_241\jre\lib\charsets.jar;C:\Users\zouhair\Desktop\repertoire\Java\jdk1.8.0_241\jre\lib\jfr.jar;C:\Users\zouhair\Desktop\repertoire\Java\jdk1.8.0_241\jre\classes"/>
    <property name="user.script" value=""/>
    <property name="sun.management.compiler" value="HotSpot 64-Bit Tiered Compilers"/>
    <property name="java.runtime.version" value="1.8.0_241-b07"/>
    <property name="user.name" value="zouhair"/>
    <property name="path.separator" value=";"/>
    <property name="os.version" value="10.0"/>
    <property name="java.endorsed.dirs" value="C:\Users\zouhair\Desktop\repertoire\Java\jdk1.8.0_241\jre\lib\endorsed"/>
    <property name="java.runtime.name" value="Java(TM) SE Runtime Environment"/>
    <property name="file.encoding" value="Cp1252"/>
    <property name="java.vm.name" value="Java HotSpot(TM) 64-Bit Server VM"/>
    <property name="localRepository" value="C:\Users\zouhair\.m2\repository"/>
    <property name="java.vendor.url.bug" value="http://bugreport.sun.com/bugreport/"/>
    <property name="java.io.tmpdir" value="C:\Users\zouhair\AppData\Local\Temp\"/>
    <property name="java.version" value="1.8.0_241"/>
    <property name="user.dir" value="C:\Users\zouhair\my-app"/>
    <property name="os.arch" value="amd64"/>
    <property name="java.vm.specification.name" value="Java Virtual Machine Specification"/>
    <property name="java.awt.printerjob" value="sun.awt.windows.WPrinterJob"/>
    <property name="sun.os.patch.level" value=""/>
    <property name="java.library.path" value="C:\Users\zouhair\Desktop\repertoire\Java\jdk1.8.0_241\jre\bin;C:\WINDOWS\Sun\Java\bin;C:\WINDOWS\system32;C:\WINDOWS;C:\Users\zouhair\Desktop\repertoire\Java\jdk1.8.0_241\bin;C:\Users\zouhair\Desktop\repertoire\maven\apache-maven-3.6.3-bin\apache-maven-3.6.3\bin;C:\Program Files\AdoptOpenJDK\jdk-8.0.242.08-hotspot\bin;C:\Users\zouhair\Desktop\apache-maven-3.6.3-src\apache-maven-3.6.3\apache-maven\src\bin;C:\WINDOWS\system32;C:\WINDOWS;C:\WINDOWS\System32\Wbem;C:\WINDOWS\System32\WindowsPowerShell\v1.0\;C:\WINDOWS\System32\OpenSSH\;C:\Program Files\nodejs\;C:\Program Files\MongoDB\Server\4.2\bin;C:\Program Files\Git\cmd;C:\Program Files\Git\mingw64\bin;C:\Program Files\Git\usr\bin;C:\Users\zouhair\Anaconda3;C:\Users\zouhair\Anaconda3\Library\mingw-w64\bin;C:\Users\zouhair\Anaconda3\Library\usr\bin;C:\Users\zouhair\Anaconda3\Library\bin;C:\Users\zouhair\Anaconda3\Scripts;C:\Users\zouhair\AppData\Local\Microsoft\WindowsApps;C:\Users\zouhair\AppData\Roaming\npm;C:\Users\zouhair\AppData\Local\atom\bin;C:\Users\zouhair\Desktop\apache-maven-3.6.3-src\apache-maven-3.6.3\apache-maven\src\bin;;."/>
    <property name="java.vm.info" value="mixed mode"/>
    <property name="java.vendor" value="Oracle Corporation"/>
    <property name="java.vm.version" value="25.241-b07"/>
    <property name="java.ext.dirs" value="C:\Users\zouhair\Desktop\repertoire\Java\jdk1.8.0_241\jre\lib\ext;C:\WINDOWS\Sun\Java\lib\ext"/>
    <property name="sun.io.unicode.encoding" value="UnicodeLittle"/>
    <property name="java.class.version" value="52.0"/>
  </properties>
  <testcase name="shouldAnswerWithTrue" classname="com.mycompany.app.AppTest" time="0.001"/>
</testsuite>